<?xml version="1.0" encoding="UTF-8"?>
<!-- Generated by org.testng.reporters.JUnitReportReporter -->
<testsuite hostname="DESKTOP-NT3ONRP" failures="0" tests="1" name="samplemaven.Chaitra_P2_Test" time="0.018" errors="0" timestamp="2024-03-07T14:25:19 IST" skipped="0">
  <testcase classname="samplemaven.Chaitra_P2_Test" name="test" time="0.018"/>
  <system-out/>
</testsuite> <!-- samplemaven.Chaitra_P2_Test -->
